Unity Editor version:    2020.3.23f1 (c5d91304a876)
Branch:                  2020.3/staging
Build type:              Release
Batch mode:              YES
macOS version:           Version 11.6.1 (Build 20G224)
Darwin version:          20.6.0
Architecture:            x86_64
Running under Rosetta:   NO
Available memory:        16384 MB
Using pre-set license
Pro License: NO

COMMAND LINE ARGUMENTS:
/Applications/Unity/Hub/Editor/2020.3.23f1/Unity.app/Contents/MacOS/Unity
-adb2
-batchMode
-noUpm
-name
AssetImportWorker0
-projectPath
/Users/janini/Desktop/FH-Joanneum/Sem_2/ProWork2_AR_Arjun/ProWork2_AR_Hiking-Pass
-logFile
Logs/AssetImportWorker0.log
-srvPort
52067
Successfully changed project path to: /Users/janini/Desktop/FH-Joanneum/Sem_2/ProWork2_AR_Arjun/ProWork2_AR_Hiking-Pass
/Users/janini/Desktop/FH-Joanneum/Sem_2/ProWork2_AR_Arjun/ProWork2_AR_Hiking-Pass
Using Asset Import Pipeline V2.
Refreshing native plugins compatible for Editor in 44.84 ms, found 1 plugins.
Preloading 0 native plugins for Editor in 0.00 ms.
Initialize engine version: 2020.3.23f1 (c5d91304a876)
[Subsystems] Discovering subsystems at path /Applications/Unity/Hub/Editor/2020.3.23f1/Unity.app/Contents/Resources/UnitySubsystems
[Subsystems] Discovering subsystems at path /Users/janini/Desktop/FH-Joanneum/Sem_2/ProWork2_AR_Arjun/ProWork2_AR_Hiking-Pass/Assets
GfxDevice: creating device client; threaded=0
2022-01-23 20:39:12.993 Unity[18455:435604] Color LCD preferred device: AMD Radeon Pro 555X (high power)
2022-01-23 20:39:12.993 Unity[18455:435604] Metal devices available: 2
2022-01-23 20:39:12.993 Unity[18455:435604] 0: AMD Radeon Pro 555X (high power)
2022-01-23 20:39:12.993 Unity[18455:435604] 1: Intel(R) UHD Graphics 630 (low power)
2022-01-23 20:39:12.993 Unity[18455:435604] Using device AMD Radeon Pro 555X (high power)
Initializing Metal device caps: AMD Radeon Pro 555X
Initialize mono
Mono path[0] = '/Applications/Unity/Hub/Editor/2020.3.23f1/Unity.app/Contents/Managed'
Mono path[1] = '/Applications/Unity/Hub/Editor/2020.3.23f1/Unity.app/Contents/MonoBleedingEdge/lib/mono/unityjit'
Mono config path = '/Applications/Unity/Hub/Editor/2020.3.23f1/Unity.app/Contents/MonoBleedingEdge/etc'
Using monoOptions --debugger-agent=transport=dt_socket,embedding=1,server=y,suspend=n,address=127.0.0.1:56455
Begin MonoManager ReloadAssembly
Registering precompiled unity dll's ...
Register platform support module: /Applications/Unity/Hub/Editor/2020.3.23f1/Unity.app/Contents/PlaybackEngines/MacStandaloneSupport/UnityEditor.OSXStandalone.Extensions.dll
Registered in 0.000524 seconds.
Native extension for OSXStandalone target not found
Refreshing native plugins compatible for Editor in 31.57 ms, found 1 plugins.
Preloading 0 native plugins for Editor in 0.00 ms.
Mono: successfully reloaded assembly
- Completed reload, in  0.658 seconds
Domain Reload Profiling:
	ReloadAssembly (658ms)
		BeginReloadAssembly (54ms)
			ExecutionOrderSort (0ms)
			DisableScriptedObjects (0ms)
			BackupInstance (0ms)
			ReleaseScriptingObjects (0ms)
			CreateAndSetChildDomain (1ms)
		EndReloadAssembly (523ms)
			LoadAssemblies (53ms)
			RebuildTransferFunctionScriptingTraits (0ms)
			SetupTypeCache (199ms)
			ReleaseScriptCaches (0ms)
			RebuildScriptCaches (41ms)
			SetupLoadedEditorAssemblies (192ms)
				LogAssemblyErrors (0ms)
				InitializePlatformSupportModulesInManaged (4ms)
				SetLoadedEditorAssemblies (0ms)
				RefreshPlugins (32ms)
				BeforeProcessingInitializeOnLoad (11ms)
				ProcessInitializeOnLoadAttributes (113ms)
				ProcessInitializeOnLoadMethodAttributes (32ms)
				AfterProcessingInitializeOnLoad (0ms)
				EditorAssembliesLoaded (0ms)
			ExecutionOrderSort2 (0ms)
			AwakeInstancesAfterBackupRestoration (0ms)
Platform modules already initialized, skipping
Registering precompiled user dll's ...
Registered in 0.000527 seconds.
Begin MonoManager ReloadAssembly
Native extension for OSXStandalone target not found
Refreshing native plugins compatible for Editor in 30.88 ms, found 1 plugins.
Preloading 0 native plugins for Editor in 0.00 ms.
Mono: successfully reloaded assembly
- Completed reload, in  1.083 seconds
Domain Reload Profiling:
	ReloadAssembly (1084ms)
		BeginReloadAssembly (163ms)
			ExecutionOrderSort (0ms)
			DisableScriptedObjects (5ms)
			BackupInstance (0ms)
			ReleaseScriptingObjects (0ms)
			CreateAndSetChildDomain (30ms)
		EndReloadAssembly (853ms)
			LoadAssemblies (102ms)
			RebuildTransferFunctionScriptingTraits (0ms)
			SetupTypeCache (268ms)
			ReleaseScriptCaches (0ms)
			RebuildScriptCaches (64ms)
			SetupLoadedEditorAssemblies (282ms)
				LogAssemblyErrors (0ms)
				InitializePlatformSupportModulesInManaged (3ms)
				SetLoadedEditorAssemblies (0ms)
				RefreshPlugins (31ms)
				BeforeProcessingInitializeOnLoad (92ms)
				ProcessInitializeOnLoadAttributes (149ms)
				ProcessInitializeOnLoadMethodAttributes (5ms)
				AfterProcessingInitializeOnLoad (1ms)
				EditorAssembliesLoaded (0ms)
			ExecutionOrderSort2 (0ms)
			AwakeInstancesAfterBackupRestoration (7ms)
Platform modules already initialized, skipping
Validating Project structure ... 0.008420 seconds.
Shader import version has changed; will reimport all shaders...
Upgrading shader files ...0.042860 seconds.
Application.AssetDatabase Initial Script Refresh Start
RefreshInfo: InitialScriptRefreshV2(NoUpdateAssetOptions) scanfilter:  ... 1 filters
RefreshProfiler: Total: 0.000ms
Application.AssetDatabase Initial Script Refresh End
Application.AssetDatabase.Refresh Start
Application.AssetDatabase.Refresh End
RefreshInfo: StopAssetImportingV2(ForceSynchronousImport) scanfilter: 
RefreshProfiler: Total: 0.000ms
Launching external process: /Applications/Unity/Hub/Editor/2020.3.23f1/Unity.app/Contents/Tools/UnityShaderCompiler
Launched and connected shader compiler UnityShaderCompiler after 0.01 seconds
Initializing Unity extensions:
========================================================================
Worker process is ready to serve import requests
Refreshing native plugins compatible for Editor in 0.37 ms, found 1 plugins.
Preloading 0 native plugins for Editor in 0.00 ms.
Unloading 1852 Unused Serialized files (Serialized files now loaded: 0)
System memory in use before: 163.4 MB.
System memory in use after: 162.5 MB.

Unloading 299 unused Assets to reduce memory usage. Loaded Objects now: 2341.
Total: 3.657276 ms (FindLiveObjects: 0.224742 ms CreateObjectMapping: 0.079271 ms MarkObjects: 2.689108 ms  DeleteObjects: 0.663235 ms)

AssetImportParameters requested are different than current active one (requested -> active):
  custom:video-decoder-ogg-theora: a1e56fd34408186e4bbccfd4996cb3dc -> 
  custom:container-muxer-webm: aa71ff27fc2769a1b78a27578f13a17b -> 
  custom:container-demuxer-webm: 4f35f7cbe854078d1ac9338744f61a02 -> 
  custom:container-demuxer-ogg: 62fdf1f143b41e24485cea50d1cbac27 -> 
  custom:video-encoder-webm-vp8: eb34c28f22e8b96e1ab97ce403110664 -> 
  custom:framework-osx-AVFoundation: e770b220cccbd017edd2c1fefb359320 -> 
  custom:video-decoder-webm-vp8: 9c59270c3fd7afecdb556c50c9e8de78 -> 
  custom:audio-decoder-ogg-vorbis: bf7c407c2cedff20999df2af8eb42d56 -> 
  custom:audio-encoder-webm-vorbis: bf7c407c2cedff20999df2af8eb42d56 -> 
========================================================================
Received Import Request.
  path: Assets/Prefabs/devil.prefab
  artifactKey: Guid(275a3bb80c54f460d887d08ad9c0273c) Importer(815301076,1909f56bfc062723c751e8b465ee728b)
Start importing Assets/Prefabs/devil.prefab using Guid(275a3bb80c54f460d887d08ad9c0273c) Importer(815301076,1909f56bfc062723c751e8b465ee728b)  -> (artifact id: '5e764938fe3baa9bb15ec2b5c8911c1c') in 1.246187 seconds 
  Import took 1.254925 seconds .

========================================================================
Received Import Request.
  Time since last request: 2.891912 seconds.
  path: Assets/Prefabs/devil.prefab
  artifactKey: Guid(275a3bb80c54f460d887d08ad9c0273c) Importer(815301076,1909f56bfc062723c751e8b465ee728b)
Start importing Assets/Prefabs/devil.prefab using Guid(275a3bb80c54f460d887d08ad9c0273c) Importer(815301076,1909f56bfc062723c751e8b465ee728b)  -> (artifact id: '0354438820076c3f9e5a0d7877d6a91b') in 0.014474 seconds 
  Import took 0.019042 seconds .

========================================================================
Received Import Request.
  Time since last request: 2.882861 seconds.
  path: Assets/Prefabs/devil.prefab
  artifactKey: Guid(275a3bb80c54f460d887d08ad9c0273c) Importer(815301076,1909f56bfc062723c751e8b465ee728b)
Start importing Assets/Prefabs/devil.prefab using Guid(275a3bb80c54f460d887d08ad9c0273c) Importer(815301076,1909f56bfc062723c751e8b465ee728b)  -> (artifact id: '034fb790247f477f2a19237feebb5656') in 0.011095 seconds 
  Import took 0.015600 seconds .

========================================================================
Received Import Request.
  Time since last request: 3.826432 seconds.
  path: Assets/Prefabs/devil.prefab
  artifactKey: Guid(275a3bb80c54f460d887d08ad9c0273c) Importer(815301076,1909f56bfc062723c751e8b465ee728b)
Start importing Assets/Prefabs/devil.prefab using Guid(275a3bb80c54f460d887d08ad9c0273c) Importer(815301076,1909f56bfc062723c751e8b465ee728b)  -> (artifact id: 'a4b241254960ccadbe362d885da87137') in 0.010750 seconds 
  Import took 0.014456 seconds .

========================================================================
Received Import Request.
  Time since last request: 1.002746 seconds.
  path: Assets/Prefabs/devil.prefab
  artifactKey: Guid(275a3bb80c54f460d887d08ad9c0273c) Importer(815301076,1909f56bfc062723c751e8b465ee728b)
Start importing Assets/Prefabs/devil.prefab using Guid(275a3bb80c54f460d887d08ad9c0273c) Importer(815301076,1909f56bfc062723c751e8b465ee728b)  -> (artifact id: '60752bfc74db5e9f8b54ad2dfb1b8181') in 0.011059 seconds 
  Import took 0.015686 seconds .

========================================================================
Received Import Request.
  Time since last request: 7.085978 seconds.
  path: Assets/Prefabs/devil.prefab
  artifactKey: Guid(275a3bb80c54f460d887d08ad9c0273c) Importer(815301076,1909f56bfc062723c751e8b465ee728b)
Start importing Assets/Prefabs/devil.prefab using Guid(275a3bb80c54f460d887d08ad9c0273c) Importer(815301076,1909f56bfc062723c751e8b465ee728b)  -> (artifact id: '0524173a369aa5893d5fda5f1837489c') in 0.011065 seconds 
  Import took 0.015693 seconds .

========================================================================
Received Import Request.
  Time since last request: 9.290841 seconds.
  path: Assets/Prefabs/devil.prefab
  artifactKey: Guid(275a3bb80c54f460d887d08ad9c0273c) Importer(815301076,1909f56bfc062723c751e8b465ee728b)
Start importing Assets/Prefabs/devil.prefab using Guid(275a3bb80c54f460d887d08ad9c0273c) Importer(815301076,1909f56bfc062723c751e8b465ee728b)  -> (artifact id: '6b3203cf758618e936d2b119803bdff4') in 0.010694 seconds 
  Import took 0.014907 seconds .

========================================================================
Received Prepare
Refreshing native plugins compatible for Editor in 1.00 ms, found 1 plugins.
Preloading 0 native plugins for Editor in 0.00 ms.
Unloading 5 Unused Serialized files (Serialized files now loaded: 0)
System memory in use before: 126.9 MB.
System memory in use after: 127.1 MB.

Unloading 5 unused Assets to reduce memory usage. Loaded Objects now: 2347.
Total: 3.202291 ms (FindLiveObjects: 0.189994 ms CreateObjectMapping: 0.067864 ms MarkObjects: 2.911966 ms  DeleteObjects: 0.031728 ms)

AssetImportParameters requested are different than current active one (requested -> active):
  custom:video-decoder-ogg-theora: a1e56fd34408186e4bbccfd4996cb3dc -> 
  custom:container-muxer-webm: aa71ff27fc2769a1b78a27578f13a17b -> 
  custom:container-demuxer-webm: 4f35f7cbe854078d1ac9338744f61a02 -> 
  custom:container-demuxer-ogg: 62fdf1f143b41e24485cea50d1cbac27 -> 
  custom:video-encoder-webm-vp8: eb34c28f22e8b96e1ab97ce403110664 -> 
  custom:framework-osx-AVFoundation: e770b220cccbd017edd2c1fefb359320 -> 
  custom:video-decoder-webm-vp8: 9c59270c3fd7afecdb556c50c9e8de78 -> 
  custom:audio-decoder-ogg-vorbis: bf7c407c2cedff20999df2af8eb42d56 -> 
  custom:audio-encoder-webm-vorbis: bf7c407c2cedff20999df2af8eb42d56 -> 
========================================================================
Received Import Request.
  Time since last request: 672.056090 seconds.
  path: Assets/Prefabs/easter.prefab
  artifactKey: Guid(a07d2f68d6b254456abf87a46ee5b6a5) Importer(815301076,1909f56bfc062723c751e8b465ee728b)
Start importing Assets/Prefabs/easter.prefab using Guid(a07d2f68d6b254456abf87a46ee5b6a5) Importer(815301076,1909f56bfc062723c751e8b465ee728b)  -> (artifact id: '4a36de180dfe3a1b93ca9c067902bb35') in 0.032852 seconds 
  Import took 0.037600 seconds .

========================================================================
Received Import Request.
  Time since last request: 2.392224 seconds.
  path: Assets/Prefabs/easter.prefab
  artifactKey: Guid(a07d2f68d6b254456abf87a46ee5b6a5) Importer(815301076,1909f56bfc062723c751e8b465ee728b)
Start importing Assets/Prefabs/easter.prefab using Guid(a07d2f68d6b254456abf87a46ee5b6a5) Importer(815301076,1909f56bfc062723c751e8b465ee728b)  -> (artifact id: '5170cff10b615ad240deda8f6c2ad0e6') in 0.024035 seconds 
  Import took 0.028330 seconds .

========================================================================
Received Import Request.
  Time since last request: 0.961479 seconds.
  path: Assets/Prefabs/easter.prefab
  artifactKey: Guid(a07d2f68d6b254456abf87a46ee5b6a5) Importer(815301076,1909f56bfc062723c751e8b465ee728b)
Start importing Assets/Prefabs/easter.prefab using Guid(a07d2f68d6b254456abf87a46ee5b6a5) Importer(815301076,1909f56bfc062723c751e8b465ee728b)  -> (artifact id: 'd456f107699081c78064cb10c9b502a2') in 0.025139 seconds 
  Import took 0.029103 seconds .

========================================================================
Received Import Request.
  Time since last request: 7.928203 seconds.
  path: Assets/Prefabs/farmers.prefab
  artifactKey: Guid(ffb9fe8eac79c43989cba0a60b09f698) Importer(815301076,1909f56bfc062723c751e8b465ee728b)
Start importing Assets/Prefabs/farmers.prefab using Guid(ffb9fe8eac79c43989cba0a60b09f698) Importer(815301076,1909f56bfc062723c751e8b465ee728b)  -> (artifact id: 'ca1ada0f9442d1b88727f902faa6d614') in 0.020656 seconds 
  Import took 0.025356 seconds .

========================================================================
Received Import Request.
  Time since last request: 0.784571 seconds.
  path: Assets/Prefabs/farmers.prefab
  artifactKey: Guid(ffb9fe8eac79c43989cba0a60b09f698) Importer(815301076,1909f56bfc062723c751e8b465ee728b)
Start importing Assets/Prefabs/farmers.prefab using Guid(ffb9fe8eac79c43989cba0a60b09f698) Importer(815301076,1909f56bfc062723c751e8b465ee728b)  -> (artifact id: '6308f494b9600ef8e0fd988bdd1450c0') in 0.019117 seconds 
  Import took 0.023267 seconds .

========================================================================
Received Import Request.
  Time since last request: 1.005336 seconds.
  path: Assets/Prefabs/farmers.prefab
  artifactKey: Guid(ffb9fe8eac79c43989cba0a60b09f698) Importer(815301076,1909f56bfc062723c751e8b465ee728b)
Start importing Assets/Prefabs/farmers.prefab using Guid(ffb9fe8eac79c43989cba0a60b09f698) Importer(815301076,1909f56bfc062723c751e8b465ee728b)  -> (artifact id: 'c7af01042ec18541c672ca01e8d17b14') in 0.019869 seconds 
  Import took 0.023961 seconds .

========================================================================
Received Import Request.
  Time since last request: 3.422611 seconds.
  path: Assets/Prefabs/farmers.prefab
  artifactKey: Guid(ffb9fe8eac79c43989cba0a60b09f698) Importer(815301076,1909f56bfc062723c751e8b465ee728b)
Start importing Assets/Prefabs/farmers.prefab using Guid(ffb9fe8eac79c43989cba0a60b09f698) Importer(815301076,1909f56bfc062723c751e8b465ee728b)  -> (artifact id: '2abc5dac966b1d5e27cf665b338276fd') in 0.019596 seconds 
  Import took 0.023854 seconds .

========================================================================
Received Import Request.
  Time since last request: 2.201273 seconds.
  path: Assets/Prefabs/farmers.prefab
  artifactKey: Guid(ffb9fe8eac79c43989cba0a60b09f698) Importer(815301076,1909f56bfc062723c751e8b465ee728b)
Start importing Assets/Prefabs/farmers.prefab using Guid(ffb9fe8eac79c43989cba0a60b09f698) Importer(815301076,1909f56bfc062723c751e8b465ee728b)  -> (artifact id: '1016672545417a9e0fd2258fd6207f09') in 0.021131 seconds 
  Import took 0.025218 seconds .

========================================================================
Received Import Request.
  Time since last request: 1.220775 seconds.
  path: Assets/Prefabs/farmers.prefab
  artifactKey: Guid(ffb9fe8eac79c43989cba0a60b09f698) Importer(815301076,1909f56bfc062723c751e8b465ee728b)
Start importing Assets/Prefabs/farmers.prefab using Guid(ffb9fe8eac79c43989cba0a60b09f698) Importer(815301076,1909f56bfc062723c751e8b465ee728b)  -> (artifact id: '09206915c8207477f41a3af2e2c6aeac') in 0.020635 seconds 
  Import took 0.025136 seconds .

========================================================================
Received Import Request.
  Time since last request: 10.751801 seconds.
  path: Assets/Prefabs/Panther.prefab
  artifactKey: Guid(33bb96af0ab82454f9dff70508067ea5) Importer(815301076,1909f56bfc062723c751e8b465ee728b)
Start importing Assets/Prefabs/Panther.prefab using Guid(33bb96af0ab82454f9dff70508067ea5) Importer(815301076,1909f56bfc062723c751e8b465ee728b)  -> (artifact id: '6f313d032aa5bedde9b0efc0e207ed2c') in 0.048879 seconds 
  Import took 0.053487 seconds .

========================================================================
Received Import Request.
  Time since last request: 4.604789 seconds.
  path: Assets/Prefabs/Panther.prefab
  artifactKey: Guid(33bb96af0ab82454f9dff70508067ea5) Importer(815301076,1909f56bfc062723c751e8b465ee728b)
Start importing Assets/Prefabs/Panther.prefab using Guid(33bb96af0ab82454f9dff70508067ea5) Importer(815301076,1909f56bfc062723c751e8b465ee728b)  -> (artifact id: 'b9f676f4598d8f1f39fab037569fdceb') in 0.047140 seconds 
  Import took 0.051325 seconds .

========================================================================
Received Import Request.
  Time since last request: 2.756222 seconds.
  path: Assets/Prefabs/Panther.prefab
  artifactKey: Guid(33bb96af0ab82454f9dff70508067ea5) Importer(815301076,1909f56bfc062723c751e8b465ee728b)
Start importing Assets/Prefabs/Panther.prefab using Guid(33bb96af0ab82454f9dff70508067ea5) Importer(815301076,1909f56bfc062723c751e8b465ee728b)  -> (artifact id: '080ef22b7b4dc02714d075ce61d64dad') in 0.046547 seconds 
  Import took 0.050621 seconds .

========================================================================
Received Import Request.
  Time since last request: 20.031967 seconds.
  path: Assets/Prefabs/rock.prefab
  artifactKey: Guid(570ae3ddd61ae480db19610876ac4f77) Importer(815301076,1909f56bfc062723c751e8b465ee728b)
Start importing Assets/Prefabs/rock.prefab using Guid(570ae3ddd61ae480db19610876ac4f77) Importer(815301076,1909f56bfc062723c751e8b465ee728b)  -> (artifact id: '9ec3a7ed9557e7d158ecfed65db6847f') in 0.013251 seconds 
  Import took 0.017234 seconds .

========================================================================
Received Import Request.
  Time since last request: 2.607957 seconds.
  path: Assets/Prefabs/rock.prefab
  artifactKey: Guid(570ae3ddd61ae480db19610876ac4f77) Importer(815301076,1909f56bfc062723c751e8b465ee728b)
Start importing Assets/Prefabs/rock.prefab using Guid(570ae3ddd61ae480db19610876ac4f77) Importer(815301076,1909f56bfc062723c751e8b465ee728b)  -> (artifact id: '3cb6d37ff3cd041471712a73fbdaf0b7') in 0.009776 seconds 
  Import took 0.013589 seconds .

========================================================================
Received Import Request.
  Time since last request: 1.614764 seconds.
  path: Assets/Prefabs/rock.prefab
  artifactKey: Guid(570ae3ddd61ae480db19610876ac4f77) Importer(815301076,1909f56bfc062723c751e8b465ee728b)
Start importing Assets/Prefabs/rock.prefab using Guid(570ae3ddd61ae480db19610876ac4f77) Importer(815301076,1909f56bfc062723c751e8b465ee728b)  -> (artifact id: '84048013bad65af0ed92abc6ebb406ee') in 0.010820 seconds 
  Import took 0.014819 seconds .

========================================================================
Received Import Request.
  Time since last request: 5.657649 seconds.
  path: Assets/Prefabs/schlossberg.prefab
  artifactKey: Guid(b5a6598dc255b4c51a74706fa3ea52d2) Importer(815301076,1909f56bfc062723c751e8b465ee728b)
Start importing Assets/Prefabs/schlossberg.prefab using Guid(b5a6598dc255b4c51a74706fa3ea52d2) Importer(815301076,1909f56bfc062723c751e8b465ee728b)  -> (artifact id: '4bf9e1994e9db7a29c894d9b9c5dddd1') in 0.018040 seconds 
  Import took 0.022217 seconds .

========================================================================
Received Import Request.
  Time since last request: 0.793092 seconds.
  path: Assets/Prefabs/schlossberg.prefab
  artifactKey: Guid(b5a6598dc255b4c51a74706fa3ea52d2) Importer(815301076,1909f56bfc062723c751e8b465ee728b)
Start importing Assets/Prefabs/schlossberg.prefab using Guid(b5a6598dc255b4c51a74706fa3ea52d2) Importer(815301076,1909f56bfc062723c751e8b465ee728b)  -> (artifact id: '2218e70c0ae14259dbb1a4e0a8e61e4b') in 0.013315 seconds 
  Import took 0.017027 seconds .

========================================================================
Received Import Request.
  Time since last request: 0.904402 seconds.
  path: Assets/Prefabs/schlossberg.prefab
  artifactKey: Guid(b5a6598dc255b4c51a74706fa3ea52d2) Importer(815301076,1909f56bfc062723c751e8b465ee728b)
Start importing Assets/Prefabs/schlossberg.prefab using Guid(b5a6598dc255b4c51a74706fa3ea52d2) Importer(815301076,1909f56bfc062723c751e8b465ee728b)  -> (artifact id: '8ef4d3b41bae1b0ddfa05112b8fe1bdb') in 0.013381 seconds 
  Import took 0.017140 seconds .

========================================================================
Received Prepare
Refreshing native plugins compatible for Editor in 0.83 ms, found 1 plugins.
Preloading 0 native plugins for Editor in 0.00 ms.
Unloading 5 Unused Serialized files (Serialized files now loaded: 0)
System memory in use before: 127.2 MB.
System memory in use after: 127.3 MB.

Unloading 5 unused Assets to reduce memory usage. Loaded Objects now: 2347.
Total: 2.928352 ms (FindLiveObjects: 0.177166 ms CreateObjectMapping: 0.058732 ms MarkObjects: 2.660709 ms  DeleteObjects: 0.030905 ms)

AssetImportParameters requested are different than current active one (requested -> active):
  custom:video-decoder-ogg-theora: a1e56fd34408186e4bbccfd4996cb3dc -> 
  custom:container-muxer-webm: aa71ff27fc2769a1b78a27578f13a17b -> 
  custom:container-demuxer-webm: 4f35f7cbe854078d1ac9338744f61a02 -> 
  custom:container-demuxer-ogg: 62fdf1f143b41e24485cea50d1cbac27 -> 
  custom:video-encoder-webm-vp8: eb34c28f22e8b96e1ab97ce403110664 -> 
  custom:framework-osx-AVFoundation: e770b220cccbd017edd2c1fefb359320 -> 
  custom:video-decoder-webm-vp8: 9c59270c3fd7afecdb556c50c9e8de78 -> 
  custom:audio-decoder-ogg-vorbis: bf7c407c2cedff20999df2af8eb42d56 -> 
  custom:audio-encoder-webm-vorbis: bf7c407c2cedff20999df2af8eb42d56 -> 
========================================================================
Received Import Request.
  Time since last request: 352.209073 seconds.
  path: Assets/Scripts/Screenshot.cs
  artifactKey: Guid(ce5201bb2e6240b46ad4b1000aa99a02) Importer(815301076,1909f56bfc062723c751e8b465ee728b)
Start importing Assets/Scripts/Screenshot.cs using Guid(ce5201bb2e6240b46ad4b1000aa99a02) Importer(815301076,1909f56bfc062723c751e8b465ee728b)  -> (artifact id: '2d32eea03ed03c44bb1fa2b4cbcd7b60') in 0.369819 seconds 
  Import took 0.378091 seconds .

========================================================================
Received Import Request.
  Time since last request: 84.324331 seconds.
  path: Assets/Scripts/SceneChanger.cs
  artifactKey: Guid(51bac1ef36a9f4d67a3b4fea7851b7fc) Importer(815301076,1909f56bfc062723c751e8b465ee728b)
Start importing Assets/Scripts/SceneChanger.cs using Guid(51bac1ef36a9f4d67a3b4fea7851b7fc) Importer(815301076,1909f56bfc062723c751e8b465ee728b)  -> (artifact id: '6986c018e1d1db0b753399e0cd0cfd1e') in 0.004496 seconds 
  Import took 0.008125 seconds .

========================================================================
Received Prepare
Registering precompiled user dll's ...
Registered in 0.000635 seconds.
Begin MonoManager ReloadAssembly
Native extension for OSXStandalone target not found
Refreshing native plugins compatible for Editor in 0.34 ms, found 1 plugins.
Preloading 0 native plugins for Editor in 0.00 ms.
Mono: successfully reloaded assembly
- Completed reload, in  1.078 seconds
Domain Reload Profiling:
	ReloadAssembly (1078ms)
		BeginReloadAssembly (135ms)
			ExecutionOrderSort (0ms)
			DisableScriptedObjects (5ms)
			BackupInstance (0ms)
			ReleaseScriptingObjects (0ms)
			CreateAndSetChildDomain (57ms)
		EndReloadAssembly (869ms)
			LoadAssemblies (86ms)
			RebuildTransferFunctionScriptingTraits (0ms)
			SetupTypeCache (290ms)
			ReleaseScriptCaches (1ms)
			RebuildScriptCaches (51ms)
			SetupLoadedEditorAssemblies (285ms)
				LogAssemblyErrors (0ms)
				InitializePlatformSupportModulesInManaged (3ms)
				SetLoadedEditorAssemblies (1ms)
				RefreshPlugins (0ms)
				BeforeProcessingInitializeOnLoad (134ms)
				ProcessInitializeOnLoadAttributes (140ms)
				ProcessInitializeOnLoadMethodAttributes (5ms)
				AfterProcessingInitializeOnLoad (1ms)
				EditorAssembliesLoaded (0ms)
			ExecutionOrderSort2 (0ms)
			AwakeInstancesAfterBackupRestoration (10ms)
Platform modules already initialized, skipping
Switching build target platform(2) subTarget(0) extendedPlatform(0) -> platform(9) subTarget(16777218) extendedPlatform(0)
Refreshing native plugins compatible for Editor in 0.38 ms, found 1 plugins.
Preloading 0 native plugins for Editor in 0.00 ms.
Unloading 1805 Unused Serialized files (Serialized files now loaded: 0)
System memory in use before: 164.6 MB.
System memory in use after: 164.7 MB.

Unloading 9 unused Assets to reduce memory usage. Loaded Objects now: 2352.
Total: 3.320941 ms (FindLiveObjects: 0.206748 ms CreateObjectMapping: 0.096945 ms MarkObjects: 2.976891 ms  DeleteObjects: 0.039372 ms)

AssetImportParameters requested are different than current active one (requested -> active):
  custom:video-decoder-ogg-theora: a1e56fd34408186e4bbccfd4996cb3dc -> 
  custom:container-muxer-webm: aa71ff27fc2769a1b78a27578f13a17b -> 
  custom:container-demuxer-webm: 4f35f7cbe854078d1ac9338744f61a02 -> 
  custom:container-demuxer-ogg: 62fdf1f143b41e24485cea50d1cbac27 -> 
  custom:video-encoder-webm-vp8: eb34c28f22e8b96e1ab97ce403110664 -> 
  custom:framework-osx-AVFoundation: e770b220cccbd017edd2c1fefb359320 -> 
  custom:video-decoder-webm-vp8: 9c59270c3fd7afecdb556c50c9e8de78 -> 
  custom:graphics/normal-map-encoding: 01000000000000000000000000000000 -> 02000000000000000000000000000000
  custom:audio-decoder-ogg-vorbis: bf7c407c2cedff20999df2af8eb42d56 -> 
  custom:audio-encoder-webm-vorbis: bf7c407c2cedff20999df2af8eb42d56 -> 
========================================================================
Received Import Request.
  Time since last request: 43.025633 seconds.
  path: Assets/Prefabs/rock.prefab
  artifactKey: Guid(570ae3ddd61ae480db19610876ac4f77) Importer(815301076,1909f56bfc062723c751e8b465ee728b)
Start importing Assets/Prefabs/rock.prefab using Guid(570ae3ddd61ae480db19610876ac4f77) Importer(815301076,1909f56bfc062723c751e8b465ee728b)  -> (artifact id: 'bf84b52199d3f06f6b7befbc96546044') in 0.069990 seconds 
  Import took 0.073716 seconds .

========================================================================
Received Import Request.
  Time since last request: 1.891817 seconds.
  path: Assets/Prefabs/rock.prefab
  artifactKey: Guid(570ae3ddd61ae480db19610876ac4f77) Importer(815301076,1909f56bfc062723c751e8b465ee728b)
Start importing Assets/Prefabs/rock.prefab using Guid(570ae3ddd61ae480db19610876ac4f77) Importer(815301076,1909f56bfc062723c751e8b465ee728b)  -> (artifact id: 'e1745f38e2cd12ab946dd9a93af85e87') in 0.013205 seconds 
  Import took 0.020175 seconds .

========================================================================
Received Import Request.
  Time since last request: 0.902038 seconds.
  path: Assets/Prefabs/rock.prefab
  artifactKey: Guid(570ae3ddd61ae480db19610876ac4f77) Importer(815301076,1909f56bfc062723c751e8b465ee728b)
Start importing Assets/Prefabs/rock.prefab using Guid(570ae3ddd61ae480db19610876ac4f77) Importer(815301076,1909f56bfc062723c751e8b465ee728b)  -> (artifact id: '2cee385d3ce2edf96fa0f1b9e6938c0e') in 0.013121 seconds 
  Import took 0.017313 seconds .

========================================================================
Received Import Request.
  Time since last request: 35.717312 seconds.
  path: Assets/Prefabs/schlossberg.prefab
  artifactKey: Guid(b5a6598dc255b4c51a74706fa3ea52d2) Importer(815301076,1909f56bfc062723c751e8b465ee728b)
Start importing Assets/Prefabs/schlossberg.prefab using Guid(b5a6598dc255b4c51a74706fa3ea52d2) Importer(815301076,1909f56bfc062723c751e8b465ee728b)  -> (artifact id: '37b22f046e7e3b9e6511d8e0b63e2378') in 0.022430 seconds 
  Import took 0.027081 seconds .

========================================================================
Received Import Request.
  Time since last request: 0.565325 seconds.
  path: Assets/Prefabs/schlossberg.prefab
  artifactKey: Guid(b5a6598dc255b4c51a74706fa3ea52d2) Importer(815301076,1909f56bfc062723c751e8b465ee728b)
Start importing Assets/Prefabs/schlossberg.prefab using Guid(b5a6598dc255b4c51a74706fa3ea52d2) Importer(815301076,1909f56bfc062723c751e8b465ee728b)  -> (artifact id: '040c8f7b76113e9078bd9d0fa81c661c') in 0.016936 seconds 
  Import took 0.020725 seconds .

========================================================================
Received Import Request.
  Time since last request: 1.013154 seconds.
  path: Assets/Prefabs/schlossberg.prefab
  artifactKey: Guid(b5a6598dc255b4c51a74706fa3ea52d2) Importer(815301076,1909f56bfc062723c751e8b465ee728b)
Start importing Assets/Prefabs/schlossberg.prefab using Guid(b5a6598dc255b4c51a74706fa3ea52d2) Importer(815301076,1909f56bfc062723c751e8b465ee728b)  -> (artifact id: 'fd827431e6f42009f6fcacb0d1553263') in 0.015214 seconds 
  Import took 0.019665 seconds .

========================================================================
Received Prepare
Refreshing native plugins compatible for Editor in 1.11 ms, found 1 plugins.
Preloading 0 native plugins for Editor in 0.00 ms.
Unloading 5 Unused Serialized files (Serialized files now loaded: 0)
System memory in use before: 130.4 MB.
System memory in use after: 130.6 MB.

Unloading 5 unused Assets to reduce memory usage. Loaded Objects now: 2353.
Total: 3.046958 ms (FindLiveObjects: 0.172462 ms CreateObjectMapping: 0.057754 ms MarkObjects: 2.785009 ms  DeleteObjects: 0.031049 ms)

AssetImportParameters requested are different than current active one (requested -> active):
  custom:video-decoder-ogg-theora: a1e56fd34408186e4bbccfd4996cb3dc -> 
  custom:container-muxer-webm: aa71ff27fc2769a1b78a27578f13a17b -> 
  custom:container-demuxer-webm: 4f35f7cbe854078d1ac9338744f61a02 -> 
  custom:container-demuxer-ogg: 62fdf1f143b41e24485cea50d1cbac27 -> 
  custom:video-encoder-webm-vp8: eb34c28f22e8b96e1ab97ce403110664 -> 
  custom:framework-osx-AVFoundation: e770b220cccbd017edd2c1fefb359320 -> 
  custom:video-decoder-webm-vp8: 9c59270c3fd7afecdb556c50c9e8de78 -> 
  custom:audio-decoder-ogg-vorbis: bf7c407c2cedff20999df2af8eb42d56 -> 
  custom:audio-encoder-webm-vorbis: bf7c407c2cedff20999df2af8eb42d56 -> 
========================================================================
Received Prepare
Refreshing native plugins compatible for Editor in 0.98 ms, found 1 plugins.
Preloading 0 native plugins for Editor in 0.00 ms.
Unloading 5 Unused Serialized files (Serialized files now loaded: 0)
System memory in use before: 130.4 MB.
System memory in use after: 130.6 MB.

Unloading 5 unused Assets to reduce memory usage. Loaded Objects now: 2353.
Total: 12.274396 ms (FindLiveObjects: 0.523930 ms CreateObjectMapping: 0.107643 ms MarkObjects: 11.582843 ms  DeleteObjects: 0.059104 ms)

AssetImportParameters requested are different than current active one (requested -> active):
  custom:video-decoder-ogg-theora: a1e56fd34408186e4bbccfd4996cb3dc -> 
  custom:container-muxer-webm: aa71ff27fc2769a1b78a27578f13a17b -> 
  custom:container-demuxer-webm: 4f35f7cbe854078d1ac9338744f61a02 -> 
  custom:container-demuxer-ogg: 62fdf1f143b41e24485cea50d1cbac27 -> 
  custom:video-encoder-webm-vp8: eb34c28f22e8b96e1ab97ce403110664 -> 
  custom:framework-osx-AVFoundation: e770b220cccbd017edd2c1fefb359320 -> 
  custom:video-decoder-webm-vp8: 9c59270c3fd7afecdb556c50c9e8de78 -> 
  custom:audio-decoder-ogg-vorbis: bf7c407c2cedff20999df2af8eb42d56 -> 
  custom:audio-encoder-webm-vorbis: bf7c407c2cedff20999df2af8eb42d56 -> 
