Unity Editor version:    2020.3.23f1 (c5d91304a876)
Branch:                  2020.3/staging
Build type:              Release
Batch mode:              YES
macOS version:           Version 11.4 (Build 20F71)
Darwin version:          20.5.0
Architecture:            x86_64
Running under Rosetta:   NO
Available memory:        16384 MB
Using pre-set license
Pro License: NO

COMMAND LINE ARGUMENTS:
/Applications/Unity/Hub/Editor/2020.3.23f1/Unity.app/Contents/MacOS/Unity
-adb2
-batchMode
-noUpm
-name
AssetImportWorker0
-projectPath
/Users/lisa/Dropbox/Mein Mac (Lisa’s MacBook Pro (2))/Documents/Uni/GitHub/ProWork2_AR_Hiking-Pass
-logFile
Logs/AssetImportWorker0.log
-srvPort
49711
Successfully changed project path to: /Users/lisa/Dropbox/Mein Mac (Lisa’s MacBook Pro (2))/Documents/Uni/GitHub/ProWork2_AR_Hiking-Pass
/Users/lisa/Dropbox/Mein Mac (Lisa’s MacBook Pro (2))/Documents/Uni/GitHub/ProWork2_AR_Hiking-Pass
Using Asset Import Pipeline V2.
Refreshing native plugins compatible for Editor in 45.97 ms, found 1 plugins.
Preloading 0 native plugins for Editor in 0.00 ms.
Initialize engine version: 2020.3.23f1 (c5d91304a876)
[Subsystems] Discovering subsystems at path /Applications/Unity/Hub/Editor/2020.3.23f1/Unity.app/Contents/Resources/UnitySubsystems
[Subsystems] Discovering subsystems at path /Users/lisa/Dropbox/Mein Mac (Lisa’s MacBook Pro (2))/Documents/Uni/GitHub/ProWork2_AR_Hiking-Pass/Assets
GfxDevice: creating device client; threaded=0
2022-01-21 12:37:43.149 Unity[856:11546] Color LCD preferred device: Intel(R) HD Graphics 630 (low power)
2022-01-21 12:37:43.149 Unity[856:11546] Metal devices available: 2
2022-01-21 12:37:43.149 Unity[856:11546] 0: AMD Radeon Pro 555 (high power)
2022-01-21 12:37:43.149 Unity[856:11546] 1: Intel(R) HD Graphics 630 (low power)
2022-01-21 12:37:43.151 Unity[856:11546] Using device AMD Radeon Pro 555 (high power)
Initializing Metal device caps: AMD Radeon Pro 555
Initialize mono
Mono path[0] = '/Applications/Unity/Hub/Editor/2020.3.23f1/Unity.app/Contents/Managed'
Mono path[1] = '/Applications/Unity/Hub/Editor/2020.3.23f1/Unity.app/Contents/MonoBleedingEdge/lib/mono/unityjit'
Mono config path = '/Applications/Unity/Hub/Editor/2020.3.23f1/Unity.app/Contents/MonoBleedingEdge/etc'
Using monoOptions --debugger-agent=transport=dt_socket,embedding=1,server=y,suspend=n,address=127.0.0.1:56856
Begin MonoManager ReloadAssembly
Registering precompiled unity dll's ...
Register platform support module: /Applications/Unity/Hub/Editor/2020.3.23f1/Unity.app/Contents/PlaybackEngines/MacStandaloneSupport/UnityEditor.OSXStandalone.Extensions.dll
Registered in 0.002255 seconds.
Native extension for OSXStandalone target not found
Refreshing native plugins compatible for Editor in 37.82 ms, found 1 plugins.
Preloading 0 native plugins for Editor in 0.00 ms.
Mono: successfully reloaded assembly
- Completed reload, in  0.799 seconds
Domain Reload Profiling:
	ReloadAssembly (799ms)
		BeginReloadAssembly (59ms)
			ExecutionOrderSort (0ms)
			DisableScriptedObjects (0ms)
			BackupInstance (0ms)
			ReleaseScriptingObjects (0ms)
			CreateAndSetChildDomain (1ms)
		EndReloadAssembly (633ms)
			LoadAssemblies (59ms)
			RebuildTransferFunctionScriptingTraits (0ms)
			SetupTypeCache (237ms)
			ReleaseScriptCaches (0ms)
			RebuildScriptCaches (51ms)
			SetupLoadedEditorAssemblies (231ms)
				LogAssemblyErrors (0ms)
				InitializePlatformSupportModulesInManaged (5ms)
				SetLoadedEditorAssemblies (0ms)
				RefreshPlugins (38ms)
				BeforeProcessingInitializeOnLoad (13ms)
				ProcessInitializeOnLoadAttributes (134ms)
				ProcessInitializeOnLoadMethodAttributes (40ms)
				AfterProcessingInitializeOnLoad (0ms)
				EditorAssembliesLoaded (0ms)
			ExecutionOrderSort2 (0ms)
			AwakeInstancesAfterBackupRestoration (0ms)
Platform modules already initialized, skipping
Registering precompiled user dll's ...
Registered in 0.001294 seconds.
Begin MonoManager ReloadAssembly
Native extension for OSXStandalone target not found
Refreshing native plugins compatible for Editor in 42.65 ms, found 1 plugins.
Preloading 0 native plugins for Editor in 0.00 ms.
Mono: successfully reloaded assembly
- Completed reload, in  1.363 seconds
Domain Reload Profiling:
	ReloadAssembly (1366ms)
		BeginReloadAssembly (225ms)
			ExecutionOrderSort (0ms)
			DisableScriptedObjects (8ms)
			BackupInstance (0ms)
			ReleaseScriptingObjects (0ms)
			CreateAndSetChildDomain (43ms)
		EndReloadAssembly (1059ms)
			LoadAssemblies (107ms)
			RebuildTransferFunctionScriptingTraits (0ms)
			SetupTypeCache (329ms)
			ReleaseScriptCaches (0ms)
			RebuildScriptCaches (79ms)
			SetupLoadedEditorAssemblies (367ms)
				LogAssemblyErrors (0ms)
				InitializePlatformSupportModulesInManaged (4ms)
				SetLoadedEditorAssemblies (0ms)
				RefreshPlugins (43ms)
				BeforeProcessingInitializeOnLoad (122ms)
				ProcessInitializeOnLoadAttributes (188ms)
				ProcessInitializeOnLoadMethodAttributes (8ms)
				AfterProcessingInitializeOnLoad (2ms)
				EditorAssembliesLoaded (0ms)
			ExecutionOrderSort2 (0ms)
			AwakeInstancesAfterBackupRestoration (10ms)
Platform modules already initialized, skipping
Validating Project structure ... 0.026212 seconds.
Shader import version has changed; will reimport all shaders...
Upgrading shader files ...0.035861 seconds.
Application.AssetDatabase Initial Script Refresh Start
RefreshInfo: InitialScriptRefreshV2(NoUpdateAssetOptions) scanfilter:  ... 1 filters
RefreshProfiler: Total: 0.000ms
Application.AssetDatabase Initial Script Refresh End
Application.AssetDatabase.Refresh Start
Application.AssetDatabase.Refresh End
RefreshInfo: StopAssetImportingV2(ForceSynchronousImport) scanfilter: 
RefreshProfiler: Total: 0.000ms
Launching external process: /Applications/Unity/Hub/Editor/2020.3.23f1/Unity.app/Contents/Tools/UnityShaderCompiler
Launched and connected shader compiler UnityShaderCompiler after 0.01 seconds
Initializing Unity extensions:
========================================================================
Worker process is ready to serve import requests
Refreshing native plugins compatible for Editor in 0.45 ms, found 1 plugins.
Preloading 0 native plugins for Editor in 0.00 ms.
Unloading 1852 Unused Serialized files (Serialized files now loaded: 0)
System memory in use before: 162.5 MB.
System memory in use after: 161.6 MB.

Unloading 299 unused Assets to reduce memory usage. Loaded Objects now: 2336.
Total: 3.897742 ms (FindLiveObjects: 0.276235 ms CreateObjectMapping: 0.090297 ms MarkObjects: 2.891400 ms  DeleteObjects: 0.638804 ms)

AssetImportParameters requested are different than current active one (requested -> active):
  custom:video-decoder-ogg-theora: a1e56fd34408186e4bbccfd4996cb3dc -> 
  custom:container-muxer-webm: aa71ff27fc2769a1b78a27578f13a17b -> 
  custom:container-demuxer-webm: 4f35f7cbe854078d1ac9338744f61a02 -> 
  custom:container-demuxer-ogg: 62fdf1f143b41e24485cea50d1cbac27 -> 
  custom:video-encoder-webm-vp8: eb34c28f22e8b96e1ab97ce403110664 -> 
  custom:framework-osx-AVFoundation: e770b220cccbd017edd2c1fefb359320 -> 
  custom:video-decoder-webm-vp8: 9c59270c3fd7afecdb556c50c9e8de78 -> 
  custom:audio-decoder-ogg-vorbis: bf7c407c2cedff20999df2af8eb42d56 -> 
  custom:audio-encoder-webm-vorbis: bf7c407c2cedff20999df2af8eb42d56 -> 
========================================================================
Received Import Request.
  path: Assets/Plugins/NativeGallery/Editor/NativeGallery.Editor.asmdef
  artifactKey: Guid(3dffc8e654f00c545a82d0a5274d51eb) Importer(815301076,1909f56bfc062723c751e8b465ee728b)
Start importing Assets/Plugins/NativeGallery/Editor/NativeGallery.Editor.asmdef using Guid(3dffc8e654f00c545a82d0a5274d51eb) Importer(815301076,1909f56bfc062723c751e8b465ee728b)  -> (artifact id: '1daab0f643abdd3472a77e514f132de6') in 1.315229 seconds 
  Import took 1.320742 seconds .

========================================================================
Received Import Request.
  Time since last request: 0.000682 seconds.
  path: Assets/Plugins/NativeGallery
  artifactKey: Guid(667a4c476324ea04baf3eeb5dadc7b12) Importer(815301076,1909f56bfc062723c751e8b465ee728b)
Start importing Assets/Plugins/NativeGallery using Guid(667a4c476324ea04baf3eeb5dadc7b12) Importer(815301076,1909f56bfc062723c751e8b465ee728b)  -> (artifact id: '88e9356b2dcf87d147da662518a58846') in 0.001453 seconds 
  Import took 0.006009 seconds .

========================================================================
Received Import Request.
  Time since last request: 0.000340 seconds.
  path: Assets/Plugins/NativeGallery/NativeGallery.Runtime.asmdef
  artifactKey: Guid(6e5063adab271564ba0098a06a8cebda) Importer(815301076,1909f56bfc062723c751e8b465ee728b)
Start importing Assets/Plugins/NativeGallery/NativeGallery.Runtime.asmdef using Guid(6e5063adab271564ba0098a06a8cebda) Importer(815301076,1909f56bfc062723c751e8b465ee728b)  -> (artifact id: 'd2df37d3827ec1bbf4da9c4b99294738') in 0.002037 seconds 
  Import took 0.005622 seconds .

========================================================================
Received Import Request.
  Time since last request: 1.398940 seconds.
  path: Assets/Plugins/NativeGallery/NativeGallery.cs
  artifactKey: Guid(ce1403606c3629046a0147d3e705f7cc) Importer(815301076,1909f56bfc062723c751e8b465ee728b)
Start importing Assets/Plugins/NativeGallery/NativeGallery.cs using Guid(ce1403606c3629046a0147d3e705f7cc) Importer(815301076,1909f56bfc062723c751e8b465ee728b)  -> (artifact id: 'd5426b819f6c7d2c87246207c9cf3e1f') in 0.390042 seconds 
  Import took 0.396679 seconds .

========================================================================
Received Prepare
Registering precompiled user dll's ...
Registered in 0.000617 seconds.
Begin MonoManager ReloadAssembly
Native extension for OSXStandalone target not found
Refreshing native plugins compatible for Editor in 0.43 ms, found 1 plugins.
Preloading 0 native plugins for Editor in 0.00 ms.
Mono: successfully reloaded assembly
- Completed reload, in  1.277 seconds
Domain Reload Profiling:
	ReloadAssembly (1277ms)
		BeginReloadAssembly (138ms)
			ExecutionOrderSort (0ms)
			DisableScriptedObjects (6ms)
			BackupInstance (0ms)
			ReleaseScriptingObjects (0ms)
			CreateAndSetChildDomain (57ms)
		EndReloadAssembly (1054ms)
			LoadAssemblies (92ms)
			RebuildTransferFunctionScriptingTraits (0ms)
			SetupTypeCache (321ms)
			ReleaseScriptCaches (1ms)
			RebuildScriptCaches (83ms)
			SetupLoadedEditorAssemblies (385ms)
				LogAssemblyErrors (0ms)
				InitializePlatformSupportModulesInManaged (5ms)
				SetLoadedEditorAssemblies (1ms)
				RefreshPlugins (0ms)
				BeforeProcessingInitializeOnLoad (182ms)
				ProcessInitializeOnLoadAttributes (190ms)
				ProcessInitializeOnLoadMethodAttributes (6ms)
				AfterProcessingInitializeOnLoad (2ms)
				EditorAssembliesLoaded (0ms)
			ExecutionOrderSort2 (0ms)
			AwakeInstancesAfterBackupRestoration (12ms)
Platform modules already initialized, skipping
Switching build target platform(2) subTarget(0) extendedPlatform(0) -> platform(9) subTarget(16777218) extendedPlatform(0)
Refreshing native plugins compatible for Editor in 0.44 ms, found 1 plugins.
Preloading 0 native plugins for Editor in 0.00 ms.
Unloading 1806 Unused Serialized files (Serialized files now loaded: 0)
System memory in use before: 164.0 MB.
System memory in use after: 164.1 MB.

Unloading 9 unused Assets to reduce memory usage. Loaded Objects now: 2341.
Total: 3.879189 ms (FindLiveObjects: 0.385521 ms CreateObjectMapping: 0.175149 ms MarkObjects: 3.269173 ms  DeleteObjects: 0.047894 ms)

AssetImportParameters requested are different than current active one (requested -> active):
  custom:video-decoder-ogg-theora: a1e56fd34408186e4bbccfd4996cb3dc -> 
  custom:container-muxer-webm: aa71ff27fc2769a1b78a27578f13a17b -> 
  custom:container-demuxer-webm: 4f35f7cbe854078d1ac9338744f61a02 -> 
  custom:container-demuxer-ogg: 62fdf1f143b41e24485cea50d1cbac27 -> 
  custom:video-encoder-webm-vp8: eb34c28f22e8b96e1ab97ce403110664 -> 
  custom:framework-osx-AVFoundation: e770b220cccbd017edd2c1fefb359320 -> 
  custom:video-decoder-webm-vp8: 9c59270c3fd7afecdb556c50c9e8de78 -> 
  custom:graphics/normal-map-encoding: 01000000000000000000000000000000 -> 02000000000000000000000000000000
  custom:audio-decoder-ogg-vorbis: bf7c407c2cedff20999df2af8eb42d56 -> 
  custom:audio-encoder-webm-vorbis: bf7c407c2cedff20999df2af8eb42d56 -> 
========================================================================
Received Prepare
Refreshing native plugins compatible for Editor in 2.05 ms, found 1 plugins.
Preloading 0 native plugins for Editor in 0.00 ms.
Unloading 6 Unused Serialized files (Serialized files now loaded: 0)
System memory in use before: 128.6 MB.
System memory in use after: 128.7 MB.

Unloading 5 unused Assets to reduce memory usage. Loaded Objects now: 2341.
Total: 3.570779 ms (FindLiveObjects: 0.252111 ms CreateObjectMapping: 0.108878 ms MarkObjects: 3.162380 ms  DeleteObjects: 0.046313 ms)

AssetImportParameters requested are different than current active one (requested -> active):
  custom:video-decoder-ogg-theora: a1e56fd34408186e4bbccfd4996cb3dc -> 
  custom:container-muxer-webm: aa71ff27fc2769a1b78a27578f13a17b -> 
  custom:container-demuxer-webm: 4f35f7cbe854078d1ac9338744f61a02 -> 
  custom:container-demuxer-ogg: 62fdf1f143b41e24485cea50d1cbac27 -> 
  custom:video-encoder-webm-vp8: eb34c28f22e8b96e1ab97ce403110664 -> 
  custom:framework-osx-AVFoundation: e770b220cccbd017edd2c1fefb359320 -> 
  custom:video-decoder-webm-vp8: 9c59270c3fd7afecdb556c50c9e8de78 -> 
  custom:audio-decoder-ogg-vorbis: bf7c407c2cedff20999df2af8eb42d56 -> 
  custom:audio-encoder-webm-vorbis: bf7c407c2cedff20999df2af8eb42d56 -> 
========================================================================
Received Import Request.
  Time since last request: 1072.816872 seconds.
  path: Assets/2D-Recources/devil.png
  artifactKey: Guid(c7f422d57c9794e1893cb68ee0a8a8ba) Importer(815301076,1909f56bfc062723c751e8b465ee728b)
Start importing Assets/2D-Recources/devil.png using Guid(c7f422d57c9794e1893cb68ee0a8a8ba) Importer(815301076,1909f56bfc062723c751e8b465ee728b)  -> (artifact id: 'a1d96f1d15fe1091cb5c2b9c23a3c2a0') in 1.655933 seconds 
  Import took 1.675775 seconds .

========================================================================
Received Import Request.
  Time since last request: 0.000341 seconds.
  path: Assets/2D-Recources/farmers.png
  artifactKey: Guid(435bb0edaaee0419f94202daec0a713e) Importer(815301076,1909f56bfc062723c751e8b465ee728b)
Start importing Assets/2D-Recources/farmers.png using Guid(435bb0edaaee0419f94202daec0a713e) Importer(815301076,1909f56bfc062723c751e8b465ee728b)  -> (artifact id: 'b752b22eafd95b084c16c8b4ea41fb4d') in 0.302821 seconds 
  Import took 0.306466 seconds .

========================================================================
Received Import Request.
  Time since last request: 0.000279 seconds.
  path: Assets/2D-Recources/rock.png
  artifactKey: Guid(6a20ebf7173024c30a031cdaa0a1c50d) Importer(815301076,1909f56bfc062723c751e8b465ee728b)
Start importing Assets/2D-Recources/rock.png using Guid(6a20ebf7173024c30a031cdaa0a1c50d) Importer(815301076,1909f56bfc062723c751e8b465ee728b)  -> (artifact id: '108426a795e6a51e199e6cadd8c623f9') in 0.313653 seconds 
  Import took 0.317283 seconds .

========================================================================
Received Import Request.
  Time since last request: 0.000417 seconds.
  path: Assets/2D-Recources/schlossberg.png
  artifactKey: Guid(8c6651009b9894c31874e2f53633da1b) Importer(815301076,1909f56bfc062723c751e8b465ee728b)
Start importing Assets/2D-Recources/schlossberg.png using Guid(8c6651009b9894c31874e2f53633da1b) Importer(815301076,1909f56bfc062723c751e8b465ee728b)  -> (artifact id: '46efb75cb3a2102816e8cb709964d534') in 0.295191 seconds 
  Import took 0.298815 seconds .

========================================================================
Received Import Request.
  Time since last request: 0.000331 seconds.
  path: Assets/2D-Recources/Panther.png
  artifactKey: Guid(1f3f55971dc8445f298c6c93c677f22a) Importer(815301076,1909f56bfc062723c751e8b465ee728b)
Start importing Assets/2D-Recources/Panther.png using Guid(1f3f55971dc8445f298c6c93c677f22a) Importer(815301076,1909f56bfc062723c751e8b465ee728b)  -> (artifact id: '68b78fe02759e3290e9cfd5e894709c2') in 0.304247 seconds 
  Import took 0.307922 seconds .

========================================================================
Received Import Request.
  Time since last request: 0.000315 seconds.
  path: Assets/2D-Recources/easter.png
  artifactKey: Guid(a99b1e980896a4c219a9a47dd56106f5) Importer(815301076,1909f56bfc062723c751e8b465ee728b)
Start importing Assets/2D-Recources/easter.png using Guid(a99b1e980896a4c219a9a47dd56106f5) Importer(815301076,1909f56bfc062723c751e8b465ee728b)  -> (artifact id: 'df9551263d06d8cef4515d59a9696a2d') in 0.303965 seconds 
  Import took 0.307992 seconds .

========================================================================
Received Import Request.
  Time since last request: 51.640096 seconds.
  path: Assets/ImageLibrary/ReferenceImageLibrary.asset
  artifactKey: Guid(7e63c4b802f874d54b866da79af15ae6) Importer(815301076,1909f56bfc062723c751e8b465ee728b)
Start importing Assets/ImageLibrary/ReferenceImageLibrary.asset using Guid(7e63c4b802f874d54b866da79af15ae6) Importer(815301076,1909f56bfc062723c751e8b465ee728b)  -> (artifact id: 'a0e9c3400c4bcf139a9a5374679818d9') in 1.484960 seconds 
  Import took 1.493016 seconds .

========================================================================
Received Import Request.
  Time since last request: 18.482153 seconds.
  path: Assets/Scenes/MultipleImagetracking 1.unity
  artifactKey: Guid(d9ace03be828d4797b9121edb303baaf) Importer(815301076,1909f56bfc062723c751e8b465ee728b)
Start importing Assets/Scenes/MultipleImagetracking 1.unity using Guid(d9ace03be828d4797b9121edb303baaf) Importer(815301076,1909f56bfc062723c751e8b465ee728b)  -> (artifact id: '2ea0d4ba6c3d54b9dfb1dbe3760f9b3f') in 0.002061 seconds 
  Import took 0.006023 seconds .

========================================================================
Received Prepare
Registering precompiled user dll's ...
Registered in 0.000911 seconds.
Begin MonoManager ReloadAssembly
Native extension for OSXStandalone target not found
Refreshing native plugins compatible for Editor in 0.69 ms, found 1 plugins.
Preloading 0 native plugins for Editor in 0.00 ms.
Mono: successfully reloaded assembly
- Completed reload, in  2.112 seconds
Domain Reload Profiling:
	ReloadAssembly (2113ms)
		BeginReloadAssembly (222ms)
			ExecutionOrderSort (0ms)
			DisableScriptedObjects (9ms)
			BackupInstance (0ms)
			ReleaseScriptingObjects (0ms)
			CreateAndSetChildDomain (109ms)
		EndReloadAssembly (1771ms)
			LoadAssemblies (161ms)
			RebuildTransferFunctionScriptingTraits (0ms)
			SetupTypeCache (522ms)
			ReleaseScriptCaches (2ms)
			RebuildScriptCaches (141ms)
			SetupLoadedEditorAssemblies (631ms)
				LogAssemblyErrors (0ms)
				InitializePlatformSupportModulesInManaged (8ms)
				SetLoadedEditorAssemblies (1ms)
				RefreshPlugins (1ms)
				BeforeProcessingInitializeOnLoad (294ms)
				ProcessInitializeOnLoadAttributes (286ms)
				ProcessInitializeOnLoadMethodAttributes (38ms)
				AfterProcessingInitializeOnLoad (3ms)
				EditorAssembliesLoaded (0ms)
			ExecutionOrderSort2 (0ms)
			AwakeInstancesAfterBackupRestoration (56ms)
Platform modules already initialized, skipping
Switching build target platform(2) subTarget(0) extendedPlatform(0) -> platform(9) subTarget(16777218) extendedPlatform(0)
Refreshing native plugins compatible for Editor in 0.81 ms, found 1 plugins.
Preloading 0 native plugins for Editor in 0.00 ms.
Unloading 1806 Unused Serialized files (Serialized files now loaded: 0)
System memory in use before: 173.7 MB.
System memory in use after: 173.8 MB.

Unloading 8 unused Assets to reduce memory usage. Loaded Objects now: 2347.
Total: 5.800446 ms (FindLiveObjects: 0.441668 ms CreateObjectMapping: 0.164943 ms MarkObjects: 5.091661 ms  DeleteObjects: 0.099983 ms)

AssetImportParameters requested are different than current active one (requested -> active):
  custom:video-decoder-ogg-theora: a1e56fd34408186e4bbccfd4996cb3dc -> 
  custom:container-muxer-webm: aa71ff27fc2769a1b78a27578f13a17b -> 
  custom:container-demuxer-webm: 4f35f7cbe854078d1ac9338744f61a02 -> 
  custom:container-demuxer-ogg: 62fdf1f143b41e24485cea50d1cbac27 -> 
  custom:video-encoder-webm-vp8: eb34c28f22e8b96e1ab97ce403110664 -> 
  custom:framework-osx-AVFoundation: e770b220cccbd017edd2c1fefb359320 -> 
  custom:video-decoder-webm-vp8: 9c59270c3fd7afecdb556c50c9e8de78 -> 
  custom:graphics/normal-map-encoding: 01000000000000000000000000000000 -> 02000000000000000000000000000000
  custom:audio-decoder-ogg-vorbis: bf7c407c2cedff20999df2af8eb42d56 -> 
  custom:audio-encoder-webm-vorbis: bf7c407c2cedff20999df2af8eb42d56 -> 
========================================================================
Received Prepare
Refreshing native plugins compatible for Editor in 1.34 ms, found 1 plugins.
Preloading 0 native plugins for Editor in 0.00 ms.
Unloading 6 Unused Serialized files (Serialized files now loaded: 0)
System memory in use before: 138.3 MB.
System memory in use after: 138.4 MB.

Unloading 5 unused Assets to reduce memory usage. Loaded Objects now: 2347.
Total: 3.268493 ms (FindLiveObjects: 0.230282 ms CreateObjectMapping: 0.080179 ms MarkObjects: 2.908316 ms  DeleteObjects: 0.048630 ms)

AssetImportParameters requested are different than current active one (requested -> active):
  custom:video-decoder-ogg-theora: a1e56fd34408186e4bbccfd4996cb3dc -> 
  custom:container-muxer-webm: aa71ff27fc2769a1b78a27578f13a17b -> 
  custom:container-demuxer-webm: 4f35f7cbe854078d1ac9338744f61a02 -> 
  custom:container-demuxer-ogg: 62fdf1f143b41e24485cea50d1cbac27 -> 
  custom:video-encoder-webm-vp8: eb34c28f22e8b96e1ab97ce403110664 -> 
  custom:framework-osx-AVFoundation: e770b220cccbd017edd2c1fefb359320 -> 
  custom:video-decoder-webm-vp8: 9c59270c3fd7afecdb556c50c9e8de78 -> 
  custom:audio-decoder-ogg-vorbis: bf7c407c2cedff20999df2af8eb42d56 -> 
  custom:audio-encoder-webm-vorbis: bf7c407c2cedff20999df2af8eb42d56 -> 
2022-01-21 13:55:58.381 Unity[856:11546] HIToolbox: received notification of WindowServer event port death.
2022-01-21 13:55:58.385 Unity[856:11546] port matched the WindowServer port created in BindCGSToRunLoop
AssetImportWorkerClient::OnTransportError - code=2 error=End of file
